[debug] [2023-04-25T20:25:17.419Z] ----------------------------------------------------------------------
[debug] [2023-04-25T20:25:17.421Z] Command:       C:\Program Files (x86)\nodejs\node.exe C:\Users\itspr\AppData\Roaming\npm\node_modules\firebase-tools\lib\bin\firebase.js emulators:start --only functions
[debug] [2023-04-25T20:25:17.422Z] CLI Version:   11.28.0
[debug] [2023-04-25T20:25:17.422Z] Platform:      win32
[debug] [2023-04-25T20:25:17.422Z] Node Version:  v18.15.0
[debug] [2023-04-25T20:25:17.423Z] Time:          Wed Apr 26 2023 01:55:17 GMT+0530 (India Standard Time)
[debug] [2023-04-25T20:25:17.423Z] ----------------------------------------------------------------------
[debug] 
[debug] [2023-04-25T20:25:17.562Z] > command requires scopes: ["email","openid","https://www.googleapis.com/auth/cloudplatformprojects.readonly","https://www.googleapis.com/auth/firebase","https://www.googleapis.com/auth/cloud-platform"]
[debug] [2023-04-25T20:25:17.562Z] > authorizing via signed-in user (itspritammazumder@gmail.com)
[info] i  emulators: Starting emulators: functions {"metadata":{"emulator":{"name":"hub"},"message":"Starting emulators: functions"}}
[debug] [2023-04-25T20:25:17.574Z] [logging] Logging Emulator only supports listening on one address (127.0.0.1). Not listening on ::1
[debug] [2023-04-25T20:25:17.575Z] assigned listening specs for emulators {"user":{"hub":[{"address":"127.0.0.1","family":"IPv4","port":4400},{"address":"::1","family":"IPv6","port":4400}],"ui":[{"address":"127.0.0.1","family":"IPv4","port":4000},{"address":"::1","family":"IPv6","port":4000}],"logging":[{"address":"127.0.0.1","family":"IPv4","port":4500}]},"metadata":{"message":"assigned listening specs for emulators"}}
[debug] [2023-04-25T20:25:17.587Z] [hub] writing locator at C:\Users\itspr\AppData\Local\Temp\hub-react-app2-e8de6.json
[debug] [2023-04-25T20:25:17.707Z] [functions] Functions Emulator only supports listening on one address (127.0.0.1). Not listening on ::1
[debug] [2023-04-25T20:25:17.708Z] [eventarc] Eventarc Emulator only supports listening on one address (127.0.0.1). Not listening on ::1
[debug] [2023-04-25T20:25:17.708Z] late-assigned ports for functions and eventarc emulators {"user":{"hub":[{"address":"127.0.0.1","family":"IPv4","port":4400},{"address":"::1","family":"IPv6","port":4400}],"ui":[{"address":"127.0.0.1","family":"IPv4","port":4000},{"address":"::1","family":"IPv6","port":4000}],"logging":[{"address":"127.0.0.1","family":"IPv4","port":4500}],"functions":[{"address":"127.0.0.1","family":"IPv4","port":5001}],"eventarc":[{"address":"127.0.0.1","family":"IPv4","port":9299}]},"metadata":{"message":"late-assigned ports for functions and eventarc emulators"}}
[warn] !  functions: The following emulators are not running, calls to these services from the Functions emulator will affect production: auth, firestore, database, hosting, pubsub, storage {"metadata":{"emulator":{"name":"functions"},"message":"The following emulators are not running, calls to these services from the Functions emulator will affect production: \u001b[1mauth, firestore, database, hosting, pubsub, storage\u001b[22m"}}
[debug] [2023-04-25T20:25:17.727Z] defaultcredentials: writing to file C:\Users\itspr\AppData\Roaming\firebase\itspritammazumder_gmail_com_application_default_credentials.json
[debug] [2023-04-25T20:25:17.734Z] Setting GAC to C:\Users\itspr\AppData\Roaming\firebase\itspritammazumder_gmail_com_application_default_credentials.json {"metadata":{"emulator":{"name":"functions"},"message":"Setting GAC to C:\\Users\\itspr\\AppData\\Roaming\\firebase\\itspritammazumder_gmail_com_application_default_credentials.json"}}
[debug] [2023-04-25T20:25:17.736Z] >>> [apiv2][query] GET https://firebase.googleapis.com/v1beta1/projects/react-app2-e8de6/adminSdkConfig [none]
[debug] [2023-04-25T20:25:18.466Z] <<< [apiv2][status] GET https://firebase.googleapis.com/v1beta1/projects/react-app2-e8de6/adminSdkConfig 200
[debug] [2023-04-25T20:25:18.467Z] <<< [apiv2][body] GET https://firebase.googleapis.com/v1beta1/projects/react-app2-e8de6/adminSdkConfig {"projectId":"react-app2-e8de6","storageBucket":"react-app2-e8de6.appspot.com","locationId":"us-central"}
[debug] [2023-04-25T20:25:18.525Z] Ignoring unsupported arg: auto_download {"metadata":{"emulator":{"name":"ui"},"message":"Ignoring unsupported arg: auto_download"}}
[debug] [2023-04-25T20:25:18.525Z] Ignoring unsupported arg: port {"metadata":{"emulator":{"name":"ui"},"message":"Ignoring unsupported arg: port"}}
[debug] [2023-04-25T20:25:18.525Z] Starting Emulator UI with command {"binary":"node","args":["C:\\Users\\itspr\\.cache\\firebase\\emulators\\ui-v1.11.5\\server\\server.js"],"optionalArgs":[],"joinArgs":false} {"metadata":{"emulator":{"name":"ui"},"message":"Starting Emulator UI with command {\"binary\":\"node\",\"args\":[\"C:\\\\Users\\\\itspr\\\\.cache\\\\firebase\\\\emulators\\\\ui-v1.11.5\\\\server\\\\server.js\"],\"optionalArgs\":[],\"joinArgs\":false}"}}
[info] i  ui: Emulator UI logging to ui-debug.log {"metadata":{"emulator":{"name":"ui"},"message":"Emulator UI logging to \u001b[1mui-debug.log\u001b[22m"}}
[debug] [2023-04-25T20:25:18.666Z] Web / API server started at 127.0.0.1:4000
 {"metadata":{"emulator":{"name":"ui"},"message":"Web / API server started at 127.0.0.1:4000\n"}}
[debug] [2023-04-25T20:25:18.667Z] Web / API server started at ::1:4000
 {"metadata":{"emulator":{"name":"ui"},"message":"Web / API server started at ::1:4000\n"}}
[info] i  functions: Watching "C:\Users\itspr\OneDrive\Desktop\react-app2\server\functions" for Cloud Functions... {"metadata":{"emulator":{"name":"functions"},"message":"Watching \"C:\\Users\\itspr\\OneDrive\\Desktop\\react-app2\\server\\functions\" for Cloud Functions..."}}
[debug] [2023-04-25T20:25:18.823Z] Validating nodejs source
[debug] [2023-04-25T20:25:20.624Z] > [functions] package.json contents: {
  "name": "functions",
  "description": "Cloud Functions for Firebase",
  "scripts": {
    "lint": "eslint .",
    "serve": "firebase emulators:start --only functions",
    "shell": "firebase functions:shell",
    "start": "npm run shell",
    "deploy": "firebase deploy --only functions",
    "logs": "firebase functions:log"
  },
  "engines": {
    "node": "16"
  },
  "main": "index.js",
  "dependencies": {
    "cors": "^2.8.5",
    "dotenv": "^16.0.3",
    "express": "^4.18.2",
    "firebase-admin": "^11.5.0",
    "firebase-functions": "^4.2.0"
  },
  "devDependencies": {
    "eslint": "^8.15.0",
    "eslint-config-google": "^0.14.0",
    "firebase-functions-test": "^3.0.0"
  },
  "private": true
}
[debug] [2023-04-25T20:25:20.625Z] Building nodejs source
[debug] [2023-04-25T20:25:20.625Z] Failed to find version of module node: reached end of search path C:\Users\itspr\OneDrive\Desktop\react-app2\server\functions\node_modules
[warn] !  functions: Your requested "node" version "16" doesn't match your global version "18". Using node@18 from host. 
[info] i  functions: Loaded environment variables from .env. 
[debug] [2023-04-25T20:25:20.628Z] Could not find functions.yaml. Must use http discovery
[debug] [2023-04-25T20:25:20.636Z] Found firebase-functions binary at 'C:\Users\itspr\OneDrive\Desktop\react-app2\server\functions\node_modules\.bin\firebase-functions'
[debug] [2023-04-25T20:25:20.928Z] Serving at port 8067

[debug] [2023-04-25T20:25:21.339Z] Got response from /__/functions.yaml {"endpoints":{"app":{"platform":"gcfv1","availableMemoryMb":null,"timeoutSeconds":null,"minInstances":null,"maxInstances":null,"ingressSettings":null,"serviceAccountEmail":null,"vpc":null,"httpsTrigger":{},"entryPoint":"app"}},"specVersion":"v1alpha1","requiredAPIs":[]}
[debug] [2023-04-25T20:25:21.346Z] shutdown requested via /__/quitquitquit

[info] +  functions: Loaded functions definitions from source: app. {"metadata":{"emulator":{"name":"functions"},"message":"Loaded functions definitions from source: app."}}
[info] +  functions[us-central1-app]: http function initialized (http://127.0.0.1:5001/react-app2-e8de6/us-central1/app). {"metadata":{"emulator":{"name":"functions"},"message":"\u001b[1mhttp\u001b[22m function initialized (http://127.0.0.1:5001/react-app2-e8de6/us-central1/app)."}}
[info] 
┌─────────────────────────────────────────────────────────────┐
│ ✔  All emulators ready! It is now safe to connect your app. │
│ i  View Emulator UI at http://127.0.0.1:4000/               │
└─────────────────────────────────────────────────────────────┘

┌───────────┬────────────────┬─────────────────────────────────┐
│ Emulator  │ Host:Port      │ View in Emulator UI             │
├───────────┼────────────────┼─────────────────────────────────┤
│ Functions │ 127.0.0.1:5001 │ http://127.0.0.1:4000/functions │
└───────────┴────────────────┴─────────────────────────────────┘
  Emulator Hub running at 127.0.0.1:4400
  Other reserved ports: 4500

Issues? Report them at https://github.com/firebase/firebase-tools/issues and attach the *-debug.log files.
 
[debug] [2023-04-25T20:25:41.020Z] [work-queue] {"queuedWork":["/react-app2-e8de6/us-central1/app-2023-04-25T20:25:41.020Z"],"queueLength":1,"runningWork":[],"workRunningCount":0}
[debug] [2023-04-25T20:25:41.020Z] [work-queue] {"queuedWork":[],"queueLength":0,"runningWork":["/react-app2-e8de6/us-central1/app-2023-04-25T20:25:41.020Z"],"workRunningCount":1}
[debug] [2023-04-25T20:25:41.021Z] Accepted request GET /react-app2-e8de6/us-central1/app --> us-central1-app
[debug] [2023-04-25T20:25:41.028Z] [functions] Runtime ready! Sending request! {"metadata":{"emulator":{"name":"functions"},"message":"[functions] Runtime ready! Sending request!"}}
[debug] [2023-04-25T20:25:41.029Z] [functions] Got req.url=/react-app2-e8de6/us-central1/app, mapping to path=/ {"metadata":{"emulator":{"name":"functions"},"message":"[functions] Got req.url=/react-app2-e8de6/us-central1/app, mapping to path=/"}}
[info] i  functions: Loaded environment variables from .env. 
[debug] [2023-04-25T20:25:41.067Z] [worker-pool] addWorker(us-central1-app) {"metadata":{"emulator":{"name":"functions"},"message":"[worker-pool] addWorker(us-central1-app)"}}
[debug] [2023-04-25T20:25:41.068Z] [worker-pool] Adding worker with key us-central1-app, total=1 {"metadata":{"emulator":{"name":"functions"},"message":"[worker-pool] Adding worker with key us-central1-app, total=1"}}
[debug] [2023-04-25T20:25:42.911Z] [runtime-status] [11796] Resolved module firebase-admin {"declared":true,"installed":true,"version":"11.7.0","resolution":"C:\\Users\\itspr\\OneDrive\\Desktop\\react-app2\\server\\functions\\node_modules\\firebase-admin\\lib\\index.js"} {"metadata":{"emulator":{"name":"functions"},"function":{"name":"us-central1-app"},"extension":{},"message":"[runtime-status] [11796] Resolved module firebase-admin {\"declared\":true,\"installed\":true,\"version\":\"11.7.0\",\"resolution\":\"C:\\\\Users\\\\itspr\\\\OneDrive\\\\Desktop\\\\react-app2\\\\server\\\\functions\\\\node_modules\\\\firebase-admin\\\\lib\\\\index.js\"}"}}
[debug] [2023-04-25T20:25:42.913Z] [runtime-status] [11796] Resolved module firebase-functions {"declared":true,"installed":true,"version":"4.3.1","resolution":"C:\\Users\\itspr\\OneDrive\\Desktop\\react-app2\\server\\functions\\node_modules\\firebase-functions\\lib\\v1\\index.js"} {"metadata":{"emulator":{"name":"functions"},"function":{"name":"us-central1-app"},"extension":{},"message":"[runtime-status] [11796] Resolved module firebase-functions {\"declared\":true,\"installed\":true,\"version\":\"4.3.1\",\"resolution\":\"C:\\\\Users\\\\itspr\\\\OneDrive\\\\Desktop\\\\react-app2\\\\server\\\\functions\\\\node_modules\\\\firebase-functions\\\\lib\\\\v1\\\\index.js\"}"}}
[debug] [2023-04-25T20:25:42.914Z] [runtime-status] [11796] Outgoing network have been stubbed. [{"name":"http","status":"mocked"},{"name":"http","status":"mocked"},{"name":"https","status":"mocked"},{"name":"https","status":"mocked"},{"name":"net","status":"mocked"}] {"metadata":{"emulator":{"name":"functions"},"function":{"name":"us-central1-app"},"extension":{},"message":"[runtime-status] [11796] Outgoing network have been stubbed. [{\"name\":\"http\",\"status\":\"mocked\"},{\"name\":\"http\",\"status\":\"mocked\"},{\"name\":\"https\",\"status\":\"mocked\"},{\"name\":\"https\",\"status\":\"mocked\"},{\"name\":\"net\",\"status\":\"mocked\"}]"}}
[debug] [2023-04-25T20:25:42.915Z] [runtime-status] [11796] Resolved module firebase-functions {"declared":true,"installed":true,"version":"4.3.1","resolution":"C:\\Users\\itspr\\OneDrive\\Desktop\\react-app2\\server\\functions\\node_modules\\firebase-functions\\lib\\v1\\index.js"} {"metadata":{"emulator":{"name":"functions"},"function":{"name":"us-central1-app"},"extension":{},"message":"[runtime-status] [11796] Resolved module firebase-functions {\"declared\":true,\"installed\":true,\"version\":\"4.3.1\",\"resolution\":\"C:\\\\Users\\\\itspr\\\\OneDrive\\\\Desktop\\\\react-app2\\\\server\\\\functions\\\\node_modules\\\\firebase-functions\\\\lib\\\\v1\\\\index.js\"}"}}
[debug] [2023-04-25T20:25:43.246Z] [runtime-status] [11796] Checked functions.config() {"config":{}} {"metadata":{"emulator":{"name":"functions"},"function":{"name":"us-central1-app"},"extension":{},"message":"[runtime-status] [11796] Checked functions.config() {\"config\":{}}"}}
[debug] [2023-04-25T20:25:43.247Z] [runtime-status] [11796] firebase-functions has been stubbed. {"functionsResolution":{"declared":true,"installed":true,"version":"4.3.1","resolution":"C:\\Users\\itspr\\OneDrive\\Desktop\\react-app2\\server\\functions\\node_modules\\firebase-functions\\lib\\v1\\index.js"}} {"metadata":{"emulator":{"name":"functions"},"function":{"name":"us-central1-app"},"extension":{},"message":"[runtime-status] [11796] firebase-functions has been stubbed. {\"functionsResolution\":{\"declared\":true,\"installed\":true,\"version\":\"4.3.1\",\"resolution\":\"C:\\\\Users\\\\itspr\\\\OneDrive\\\\Desktop\\\\react-app2\\\\server\\\\functions\\\\node_modules\\\\firebase-functions\\\\lib\\\\v1\\\\index.js\"}}"}}
[debug] [2023-04-25T20:25:43.248Z] [runtime-status] [11796] Resolved module firebase-functions {"declared":true,"installed":true,"version":"4.3.1","resolution":"C:\\Users\\itspr\\OneDrive\\Desktop\\react-app2\\server\\functions\\node_modules\\firebase-functions\\lib\\v1\\index.js"} {"metadata":{"emulator":{"name":"functions"},"function":{"name":"us-central1-app"},"extension":{},"message":"[runtime-status] [11796] Resolved module firebase-functions {\"declared\":true,\"installed\":true,\"version\":\"4.3.1\",\"resolution\":\"C:\\\\Users\\\\itspr\\\\OneDrive\\\\Desktop\\\\react-app2\\\\server\\\\functions\\\\node_modules\\\\firebase-functions\\\\lib\\\\v1\\\\index.js\"}"}}
[debug] [2023-04-25T20:25:43.250Z] [runtime-status] [11796] Resolved module firebase-admin {"declared":true,"installed":true,"version":"11.7.0","resolution":"C:\\Users\\itspr\\OneDrive\\Desktop\\react-app2\\server\\functions\\node_modules\\firebase-admin\\lib\\index.js"} {"metadata":{"emulator":{"name":"functions"},"function":{"name":"us-central1-app"},"extension":{},"message":"[runtime-status] [11796] Resolved module firebase-admin {\"declared\":true,\"installed\":true,\"version\":\"11.7.0\",\"resolution\":\"C:\\\\Users\\\\itspr\\\\OneDrive\\\\Desktop\\\\react-app2\\\\server\\\\functions\\\\node_modules\\\\firebase-admin\\\\lib\\\\index.js\"}"}}
[debug] [2023-04-25T20:25:43.256Z] [runtime-status] [11796] Resolved module firebase-functions {"declared":true,"installed":true,"version":"4.3.1","resolution":"C:\\Users\\itspr\\OneDrive\\Desktop\\react-app2\\server\\functions\\node_modules\\firebase-functions\\lib\\v1\\index.js"} {"metadata":{"emulator":{"name":"functions"},"function":{"name":"us-central1-app"},"extension":{},"message":"[runtime-status] [11796] Resolved module firebase-functions {\"declared\":true,\"installed\":true,\"version\":\"4.3.1\",\"resolution\":\"C:\\\\Users\\\\itspr\\\\OneDrive\\\\Desktop\\\\react-app2\\\\server\\\\functions\\\\node_modules\\\\firebase-functions\\\\lib\\\\v1\\\\index.js\"}"}}
[debug] [2023-04-25T20:25:43.258Z] [runtime-status] [11796] firebase-admin has been stubbed. {"adminResolution":{"declared":true,"installed":true,"version":"11.7.0","resolution":"C:\\Users\\itspr\\OneDrive\\Desktop\\react-app2\\server\\functions\\node_modules\\firebase-admin\\lib\\index.js"}} {"metadata":{"emulator":{"name":"functions"},"function":{"name":"us-central1-app"},"extension":{},"message":"[runtime-status] [11796] firebase-admin has been stubbed. {\"adminResolution\":{\"declared\":true,\"installed\":true,\"version\":\"11.7.0\",\"resolution\":\"C:\\\\Users\\\\itspr\\\\OneDrive\\\\Desktop\\\\react-app2\\\\server\\\\functions\\\\node_modules\\\\firebase-admin\\\\lib\\\\index.js\"}}"}}
[debug] [2023-04-25T20:25:43.462Z] [runtime-status] [11796] initializeApp(DEFAULT) {"credential":{"implicit":false,"projectId":"react-app2-e8de6","privateKey":"-----BEGIN PRIVATE KEY-----\nMIIEvQIBADANBgkqhkiG9w0BAQEFAASCBKcwggSjAgEAAoIBAQC+gnOSO3EpJm6Z\nJSeAUee8wArqoRBHpQryY+ni0HTzUwUKKOZmcGjuFbeUWVngCEX5UAHUCiN0lYdi\nkm1aciqEkQ17Js1BaY0c7KEVM8x9WtUNISSlJFPrrADQU8pPsu4Lm+s49wRFfY2E\nAEcygQ7Jpp3hEaXKSXt7mzgoEEK1Ixf8fyHTbM7Q1xnPGzhORXCETJ3/+cWMh5uI\nsBN7thovQtk1DzyY9hp5ZFob52cXmuF83LfWPXRvyp8GjORv2gY796PsRmfvVkoj\nQPA5WbsoAlI7ZOe7NmncM9V5Rv6OfELy0W5F2p5JsPscKWDOH2wZU8MzlMuhjVZv\n9K2WS9D9AgMBAAECgf9ULWfRuGY8BAyqyDcLRnLvL1EscwRrJr1oFXBgpEoakyMv\n3QZQPTdteN2w3qCEXS9kUzdGAsmny8OnO48KLFYCVT8onGeqLC74aTbzgK5Li7NW\nYUK+CNgptVOsraDO49XT5iLrl585sBC/148+wZgmZBN2cVu+WZAGuoMzeBOuSHT9\nc/o8vQbcKEGihCtHA5PdZ8zkshtHovYhht7Y04Y88lrkEPTNjS8XOmXFpC82zQk5\nLJPm0BiiksWs4CB73We0A+GXUpDNx7KKFIX6AMSnOZddQSZFHMlde2jNubX23FJX\nOClMoBtb/8+bEjdLzwvf92lXZQVZ5tPxOJ/WYAECgYEA7DyJyhKTWGRIEWmstGNk\nQxO9Jlx3tTu+B5xSN12a/9xuHlrptzogEz/x4qCkGLy7rikzY18IjxanDXqb9GvA\ng46jVSovYsHwSzot6yyboVrbZqz1MefUVHvRSOh4YjVEoWq7mHu0P436W+zAqUZQ\n8YPRtITWrtPXz0CuPTmCigUCgYEAznKVQiNwmhHhCFcoHfafjuymwFSzfCkNjt7X\nLB0boX5lfirFqAjzNz6erW2zgoY4h3uAaWZFHH4Lb7iHLLqlBmQ4Z/cMxU/8BOyh\nWflXQeUq5KTWjCpDlkur9DwiLvIHgpotOasbMAfk66h3Hs32BPvz4gndm79OLOgB\nk9yGRJkCgYEAxmNMn8ubu+Zzc1QYemDhqUchWN7clPF387I+hUpxyZ9XRty4W2xP\n1Xqk6tpXFIMi5e6pvjDn4ip23eXypH/86z5VQkcsBjayUqqoN1B93jKMAB0NyPxU\nnyJgLmcz+d2cJiaZJkP0qk7USnB3l3B6t2gpKv1HwQgcu2spKDdsvfUCgYEArwwn\nFNJZ+rloNps4L9fayOROK8xl98QTc+3tQsFXmWJECmuX9vfHyjL1dpYK3ISUUARf\nCH+n4BXb+pnbPAjyPm4iCb1HfdJpHX/K/DBYVU5MRVyjcmuvrTNylP+b+HRN++Zg\nrIIx5lL7Pvo0LtFyZh2AWEwHNLVMQvVhyQ72ZhkCgYEAuxLaKfo0H6T+Ahf+5LrP\nDhDtmLs9XW55zOBSMJZhB0eUULnk3n4P8R8wm94rU+CiDqW0hHRNjpWNHUTKzzhq\nShQtjqUQzTMDmmtaaoUpdXcv8jQhH8Y1THnuXoDaTHoGU2sTTjndpebjycntSrmN\ntI7i/wAX6xVCqhjhQ2PPb5E=\n-----END PRIVATE KEY-----\n","clientEmail":"firebase-adminsdk-85lx4@react-app2-e8de6.iam.gserviceaccount.com","httpClient":{"retry":{"maxRetries":4,"statusCodes":[503],"ioErrorCodes":["ECONNRESET","ETIMEDOUT"],"backOffFactor":0.5,"maxDelayInMillis":60000}}}} {"metadata":{"emulator":{"name":"functions"},"function":{"name":"us-central1-app"},"extension":{},"message":"[runtime-status] [11796] initializeApp(DEFAULT) {\"credential\":{\"implicit\":false,\"projectId\":\"react-app2-e8de6\",\"privateKey\":\"-----BEGIN PRIVATE KEY-----\\nMIIEvQIBADANBgkqhkiG9w0BAQEFAASCBKcwggSjAgEAAoIBAQC+gnOSO3EpJm6Z\\nJSeAUee8wArqoRBHpQryY+ni0HTzUwUKKOZmcGjuFbeUWVngCEX5UAHUCiN0lYdi\\nkm1aciqEkQ17Js1BaY0c7KEVM8x9WtUNISSlJFPrrADQU8pPsu4Lm+s49wRFfY2E\\nAEcygQ7Jpp3hEaXKSXt7mzgoEEK1Ixf8fyHTbM7Q1xnPGzhORXCETJ3/+cWMh5uI\\nsBN7thovQtk1DzyY9hp5ZFob52cXmuF83LfWPXRvyp8GjORv2gY796PsRmfvVkoj\\nQPA5WbsoAlI7ZOe7NmncM9V5Rv6OfELy0W5F2p5JsPscKWDOH2wZU8MzlMuhjVZv\\n9K2WS9D9AgMBAAECgf9ULWfRuGY8BAyqyDcLRnLvL1EscwRrJr1oFXBgpEoakyMv\\n3QZQPTdteN2w3qCEXS9kUzdGAsmny8OnO48KLFYCVT8onGeqLC74aTbzgK5Li7NW\\nYUK+CNgptVOsraDO49XT5iLrl585sBC/148+wZgmZBN2cVu+WZAGuoMzeBOuSHT9\\nc/o8vQbcKEGihCtHA5PdZ8zkshtHovYhht7Y04Y88lrkEPTNjS8XOmXFpC82zQk5\\nLJPm0BiiksWs4CB73We0A+GXUpDNx7KKFIX6AMSnOZddQSZFHMlde2jNubX23FJX\\nOClMoBtb/8+bEjdLzwvf92lXZQVZ5tPxOJ/WYAECgYEA7DyJyhKTWGRIEWmstGNk\\nQxO9Jlx3tTu+B5xSN12a/9xuHlrptzogEz/x4qCkGLy7rikzY18IjxanDXqb9GvA\\ng46jVSovYsHwSzot6yyboVrbZqz1MefUVHvRSOh4YjVEoWq7mHu0P436W+zAqUZQ\\n8YPRtITWrtPXz0CuPTmCigUCgYEAznKVQiNwmhHhCFcoHfafjuymwFSzfCkNjt7X\\nLB0boX5lfirFqAjzNz6erW2zgoY4h3uAaWZFHH4Lb7iHLLqlBmQ4Z/cMxU/8BOyh\\nWflXQeUq5KTWjCpDlkur9DwiLvIHgpotOasbMAfk66h3Hs32BPvz4gndm79OLOgB\\nk9yGRJkCgYEAxmNMn8ubu+Zzc1QYemDhqUchWN7clPF387I+hUpxyZ9XRty4W2xP\\n1Xqk6tpXFIMi5e6pvjDn4ip23eXypH/86z5VQkcsBjayUqqoN1B93jKMAB0NyPxU\\nnyJgLmcz+d2cJiaZJkP0qk7USnB3l3B6t2gpKv1HwQgcu2spKDdsvfUCgYEArwwn\\nFNJZ+rloNps4L9fayOROK8xl98QTc+3tQsFXmWJECmuX9vfHyjL1dpYK3ISUUARf\\nCH+n4BXb+pnbPAjyPm4iCb1HfdJpHX/K/DBYVU5MRVyjcmuvrTNylP+b+HRN++Zg\\nrIIx5lL7Pvo0LtFyZh2AWEwHNLVMQvVhyQ72ZhkCgYEAuxLaKfo0H6T+Ahf+5LrP\\nDhDtmLs9XW55zOBSMJZhB0eUULnk3n4P8R8wm94rU+CiDqW0hHRNjpWNHUTKzzhq\\nShQtjqUQzTMDmmtaaoUpdXcv8jQhH8Y1THnuXoDaTHoGU2sTTjndpebjycntSrmN\\ntI7i/wAX6xVCqhjhQ2PPb5E=\\n-----END PRIVATE KEY-----\\n\",\"clientEmail\":\"firebase-adminsdk-85lx4@react-app2-e8de6.iam.gserviceaccount.com\",\"httpClient\":{\"retry\":{\"maxRetries\":4,\"statusCodes\":[503],\"ioErrorCodes\":[\"ECONNRESET\",\"ETIMEDOUT\"],\"backOffFactor\":0.5,\"maxDelayInMillis\":60000}}}}"}}
[debug] [2023-04-25T20:25:43.469Z] [runtime-status] [11796] Functions runtime initialized. {"cwd":"C:\\Users\\itspr\\OneDrive\\Desktop\\react-app2\\server\\functions","node_version":"18.15.0"} {"metadata":{"emulator":{"name":"functions"},"function":{"name":"us-central1-app"},"extension":{},"message":"[runtime-status] [11796] Functions runtime initialized. {\"cwd\":\"C:\\\\Users\\\\itspr\\\\OneDrive\\\\Desktop\\\\react-app2\\\\server\\\\functions\",\"node_version\":\"18.15.0\"}"}}
[debug] [2023-04-25T20:25:43.470Z] [runtime-status] [11796] Listening to port: \\?\pipe\fire_emu_b2424f79efa0e638 {"metadata":{"emulator":{"name":"functions"},"function":{"name":"us-central1-app"},"extension":{},"message":"[runtime-status] [11796] Listening to port: \\\\?\\pipe\\fire_emu_b2424f79efa0e638"}}
[debug] [2023-04-25T20:25:43.516Z] [worker-us-central1-app-2a2b1d1d-cb96-45fb-8a8f-4335b28c87ec]: IDLE {"metadata":{"emulator":{"name":"functions"},"function":{"name":"us-central1-app"},"extension":{},"message":"[worker-us-central1-app-2a2b1d1d-cb96-45fb-8a8f-4335b28c87ec]: IDLE"}}
[debug] [2023-04-25T20:25:43.516Z] [worker-pool] submitRequest(triggerId=us-central1-app) {"metadata":{"emulator":{"name":"functions"},"message":"[worker-pool] submitRequest(triggerId=us-central1-app)"}}
[info] i  functions: Beginning execution of "us-central1-app" {"metadata":{"emulator":{"name":"functions"},"function":{"name":"us-central1-app"},"extension":{},"message":"Beginning execution of \"us-central1-app\""}}
[debug] [2023-04-25T20:25:43.517Z] [worker-us-central1-app-2a2b1d1d-cb96-45fb-8a8f-4335b28c87ec]: BUSY {"metadata":{"emulator":{"name":"functions"},"function":{"name":"us-central1-app"},"extension":{},"message":"[worker-us-central1-app-2a2b1d1d-cb96-45fb-8a8f-4335b28c87ec]: BUSY"}}
[info] i  functions: Finished "us-central1-app" in 8.7954ms {"metadata":{"emulator":{"name":"functions"},"function":{"name":"us-central1-app"},"extension":{},"message":"Finished \"us-central1-app\" in 8.7954ms"}}
[debug] [2023-04-25T20:25:43.527Z] [worker-us-central1-app-2a2b1d1d-cb96-45fb-8a8f-4335b28c87ec]: IDLE {"metadata":{"emulator":{"name":"functions"},"function":{"name":"us-central1-app"},"extension":{},"message":"[worker-us-central1-app-2a2b1d1d-cb96-45fb-8a8f-4335b28c87ec]: IDLE"}}
[debug] [2023-04-25T20:25:43.527Z] [work-queue] {"queuedWork":[],"queueLength":0,"runningWork":[],"workRunningCount":0}
[debug] [2023-04-25T20:25:43.654Z] Functions emulator received unknown request at path /favicon.ico
